autoscan-2.5x: warning: missing AC_CHECK_FUNCS([floor]) wanted by: 
	libdocsis/docsis_encode.c:386
autoscan-2.5x: warning: missing AC_CHECK_FUNCS([gettimeofday]) wanted by: 
	src/src-tftpd/file_cache.c:487
autoscan-2.5x: warning: missing AC_CHECK_FUNCS([inet_ntoa]) wanted by: 
	libdocsis/docsis_decode.c:84
	libdocsis/docsis_encode.c:188
	src/src-dhcpd/options.c:128
	src/src-dhcpd/socket.c:131
	src/src-dhcpd/socket.c:136
	src/src-dhcpd/socket.c:138
	src/src-dhcpd/socket.c:140
	src/src-dhcpd/socket.c:142
	src/src-dhcpd/options_old.c:136
	src/src-mysql/my_sql.c:541
	src/src-mysql/my_sql.c:606
	src/tools/count_IPs.c:98
	src/src-tftpd/file_cache.c:396
	src/src-tftpd/file_cache.c:416
	src/src-tftpd/file_cache.c:417
	src/src-tftpd/tftpd.c:395
	src/src-tftpd/tftpd.c:482
	src/src-tftpd/tftpd.c:491
	src/src-tftpd/tftpd.c:526
	src/src-tftpd/tftpd.c:562
autoscan-2.5x: warning: missing AC_CHECK_FUNCS([memmove]) wanted by: 
	libdocsis/docsis_snmp.c:463
autoscan-2.5x: warning: missing AC_CHECK_FUNCS([memset]) wanted by: 
	libdocsis/docsis_lex.c:5379
	libdocsis/libdocsis.c:135
	libdocsis/docsis_lex.l:139
	libdocsis/docsis_snmp.c:68
	libdocsis/docsis_snmp.c:286
	libdocsis/docsis_snmp.c:311
	libdocsis/docsis_snmp.c:315
	libdocsis/docsis_snmp.c:319
	libdocsis/docsis_snmp.c:323
	libdocsis/docsis_snmp.c:327
	libdocsis/docsis_snmp.c:332
	libdocsis/docsis_snmp.c:336
	libdocsis/docsis_snmp.c:341
	libdocsis/docsis_snmp.c:346
	libdocsis/docsis_snmp.c:350
	libdocsis/docsis_snmp.c:354
	libdocsis/docsis_snmp.c:359
	libdocsis/docsis_snmp.c:363
	libdocsis/docsis_snmp.c:367
	libdocsis/docsis_snmp.c:371
	libdocsis/docsis_snmp.c:375
	libdocsis/docsis_snmp.c:379
	libdocsis/docsis_snmp.c:518
	libdocsis/docsis_snmp.c:653
	libdocsis/util_ethermac.c:55
	libdocsis/util_ethermac.c:78
	libdocsis/util_ethermac.c:106
	libdocsis/util_hmac_md5.c:95
	libdocsis/util_hmac_md5.c:96
	libdocsis/docsis_decode.c:144
	libdocsis/docsis_decode.c:153
	libdocsis/docsis_decode.c:167
	libdocsis/docsis_encode.c:314
	libdocsis/docsis_encode.c:358
	src/docsis_server.c:71
	src/src-dhcpd/socket.c:47
	src/src-dhcpd/socket.c:102
	src/src-dhcpd/socket.c:104
	src/src-dhcpd/socket.c:167
	src/src-dhcpd/dhcpd.c:87
	src/src-backg/backgrounder.c:48
	src/src-mysql/my_sql.c:84
	src/src-mysql/my_sql.c:85
	src/src-mysql/my_sql.c:86
	src/src-mysql/my_sql.c:185
	src/src-tftpd/file_cache.c:341
	src/src-tftpd/file_cache.c:454
	src/src-tftpd/tftpd.c:163
	src/src-tftpd/tftpd.c:632
	src/src-tftpd/tftpd.c:669
	src/src-tftpd/tftpd.c:717
	src/src-tftpd/tftpd.c:726
	src/src-tftpd/tftpd.c:736
	src/src-syslogd/syslog.c:84
	src/src-syslogd/syslog.c:111
	src/src-syslogd/syslog.c:113
	src/src-timed/time.c:99
	src/src-timed/time.c:126
	src/src-timed/time.c:128
	src/src-timed/time.c:150
autoscan-2.5x: warning: missing AC_CHECK_FUNCS([select]) wanted by: 
	src/src-tftpd/tftpd.c:228
autoscan-2.5x: warning: missing AC_CHECK_FUNCS([setenv]) wanted by: 
	libdocsis/libdocsis.c:178
autoscan-2.5x: warning: missing AC_CHECK_FUNCS([socket]) wanted by: 
	src/src-dhcpd/socket.c:57
	src/src-dhcpd/socket.c:78
	src/src-tftpd/tftpd.c:157
	src/src-syslogd/syslog.c:90
	src/src-timed/time.c:105
autoscan-2.5x: warning: missing AC_CHECK_FUNCS([strcasecmp]) wanted by: 
	src/src-tftpd/tftpd.c:386
autoscan-2.5x: warning: missing AC_CHECK_FUNCS([strchr]) wanted by: 
	libdocsis/util_ethermac.c:47
	libdocsis/util_ethermac.c:69
	libdocsis/docsis_encode.c:248
autoscan-2.5x: warning: missing AC_CHECK_FUNCS([strerror]) wanted by: 
	libdocsis/client_docsis_config.c:116
	libdocsis/client_docsis_config.c:120
	libdocsis/client_docsis_config.c:142
	libdocsis/client_docsis_config.c:146
	libdocsis/client_docsis_config.c:176
	libdocsis/client_docsis_config.c:180
	libdocsis/client_docsis_config.c:207
	src/src-dhcpd/socket.c:109
	src/src-dhcpd/socket.c:183
	src/src-tftpd/file_cache.c:420
	src/src-tftpd/tftpd.c:159
	src/src-tftpd/tftpd.c:168
	src/src-tftpd/tftpd.c:231
	src/src-tftpd/tftpd.c:242
	src/src-tftpd/tftpd.c:450
	src/src-tftpd/tftpd.c:640
	src/src-tftpd/tftpd.c:648
	src/src-syslogd/syslog.c:118
	src/src-timed/time.c:133
	src/src-timed/time.c:165
autoscan-2.5x: warning: missing AC_CHECK_FUNCS([strstr]) wanted by: 
	src/src-tftpd/tftpd.c:434
	src/src-tftpd/tftpd.c:438
autoscan-2.5x: warning: missing AC_CHECK_FUNCS([strtoull]) wanted by: 
	src/src-mysql/my_sql.c:289
	src/src-mysql/my_sql.c:436
	src/src-mysql/my_sql.c:658
autoscan-2.5x: warning: missing AC_CHECK_HEADERS([arpa/inet.h]) wanted by: 
	libdocsis/docsis_decode.c:29
	libdocsis/docsis_encode.c:31
	src/docsis_server.h:36
	src/src-dhcpd/options_old.c:37
autoscan-2.5x: warning: missing AC_CHECK_HEADERS([fcntl.h]) wanted by: 
	libdocsis/libdocsis.c:33
	libdocsis/docsis_symtable.c:35
	libdocsis/client_docsis_config.c:33
	libdocsis/docsis_encode.c:33
	src/docsis_server.h:41
autoscan-2.5x: warning: missing AC_CHECK_HEADERS([memory.h]) wanted by: 
	src/docsis_server.h:42
autoscan-2.5x: warning: missing AC_CHECK_HEADERS([netdb.h]) wanted by: 
	src/docsis_server.h:43
autoscan-2.5x: warning: missing AC_CHECK_HEADERS([netinet/in.h]) wanted by: 
	libdocsis/docsis_decode.c:28
	libdocsis/docsis_encode.c:30
	src/docsis_server.h:33
	src/src-dhcpd/options_old.c:38
autoscan-2.5x: warning: missing AC_CHECK_HEADERS([stddef.h]) wanted by: 
	libdocsis/docsis_yy.tab.c:398
autoscan-2.5x: warning: missing AC_CHECK_HEADERS([stdlib.h]) wanted by: 
	libdocsis/docsis_lex.c:25
	libdocsis/docsis_lex.c:47
	libdocsis/docsis_lex.c:5043
	libdocsis/docsis_yy.tab.c:315
	libdocsis/docsis_encode.c:26
	src/docsis_server.h:47
autoscan-2.5x: warning: missing AC_CHECK_HEADERS([string.h]) wanted by: 
	libdocsis/util_ethermac.h:24
	libdocsis/libdocsis.c:29
	libdocsis/docsis_symtable.c:31
	libdocsis/client_docsis_config.c:29
	libdocsis/docsis_snmp.c:24
	libdocsis/util_ethermac.c:30
	libdocsis/docsis_yy.tab.c:40
	libdocsis/util_hmac_md5.c:23
	libdocsis/docsis_yy.y:25
	libdocsis/docsis_encode.c:25
	src/docsis_server.h:48
	src/src-dhcpd/options_old.c:35
autoscan-2.5x: warning: missing AC_CHECK_HEADERS([sys/ioctl.h]) wanted by: 
	src/docsis_server.h:26
autoscan-2.5x: warning: missing AC_CHECK_HEADERS([sys/param.h]) wanted by: 
	src/docsis_server.h:24
autoscan-2.5x: warning: missing AC_CHECK_HEADERS([sys/socket.h]) wanted by: 
	libdocsis/docsis_decode.c:27
	src/docsis_server.h:27
autoscan-2.5x: warning: missing AC_CHECK_HEADERS([sys/time.h]) wanted by: 
	src/docsis_server.h:30
autoscan-2.5x: warning: missing AC_CHECK_HEADERS([syslog.h]) wanted by: 
	src/docsis_server.h:49
autoscan-2.5x: warning: missing AC_CHECK_HEADERS([unistd.h]) wanted by: 
	libdocsis/docsis_lex.c:12
	libdocsis/libdocsis.c:32
	libdocsis/docsis_symtable.c:34
	libdocsis/client_docsis_config.c:32
	libdocsis/docsis_encode.c:29
	src/docsis_server.h:50
autoscan-2.5x: warning: missing AC_C_CONST wanted by: 
	libdocsis/util_ethermac.h:26
	libdocsis/util_ethermac.h:27
	libdocsis/docsis_decode.h:48
	libdocsis/docsis_snmp.c:48
	libdocsis/docsis_snmp.c:614
	libdocsis/docsis_snmp.c:646
	libdocsis/util_ethermac.c:36
	libdocsis/util_ethermac.c:40
	libdocsis/util_ethermac.c:100
	libdocsis/docsis_yy.tab.c:94
	libdocsis/docsis_yy.tab.c:128
	libdocsis/docsis_yy.tab.c:134
	libdocsis/docsis_yy.tab.c:152
	libdocsis/docsis_yy.tab.c:164
	libdocsis/docsis_yy.tab.c:164
	libdocsis/docsis_yy.tab.c:180
	libdocsis/docsis_yy.tab.c:188
	libdocsis/docsis_yy.tab.c:198
	libdocsis/docsis_yy.tab.c:208
	libdocsis/docsis_yy.tab.c:213
	libdocsis/docsis_yy.tab.c:223
	libdocsis/docsis_yy.tab.c:232
	libdocsis/docsis_yy.tab.c:243
	libdocsis/docsis_yy.tab.c:523
	libdocsis/docsis_yy.tab.c:526
	libdocsis/docsis_yy.tab.c:529
	libdocsis/docsis_yy.tab.c:547
	libdocsis/docsis_yy.tab.c:551
	libdocsis/docsis_yy.tab.c:555
	libdocsis/docsis_yy.tab.c:1118
	libdocsis/docsis_snmp.h:36
	libdocsis/docsis_decode.c:305
	src/src-mysql/my_sql.h:89
	src/src-mysql/my_sql.h:89
	src/src-mysql/my_sql.c:77
	src/src-mysql/my_sql.c:77
	src/src-tftpd/tftpd.c:35
	src/src-tftpd/tftpd.c:41
autoscan-2.5x: warning: missing AC_FUNC_ALLOCA wanted by: 
	libdocsis/docsis_symtable.c:255
	libdocsis/docsis_decode.c:143
	libdocsis/docsis_decode.c:152
	libdocsis/docsis_decode.c:166
	src/src-tftpd/file_cache.c:432
autoscan-2.5x: warning: missing AC_FUNC_FORK wanted by: 
	src/docsis_server.c:54
	src/docsis_server.c:56
	src/docsis_server.c:84
	src/docsis_server.c:96
	src/docsis_server.c:108
	src/docsis_server.c:121
	src/docsis_server.c:133
	src/src-mysql/my_sql.c:582
autoscan-2.5x: warning: missing AC_FUNC_MALLOC wanted by: 
	libdocsis/docsis_lex.c:6335
	libdocsis/docsis_symtable.c:260
	src/src-backg/backgrounder.c:44
	src/tools/count_IPs.c:82
autoscan-2.5x: warning: missing AC_FUNC_MEMCMP wanted by: 
	src/src-dhcpd/options.c:150
	src/src-dhcpd/options_old.c:158
autoscan-2.5x: warning: missing AC_FUNC_REALLOC wanted by: 
	libdocsis/docsis_lex.c:6353
autoscan-2.5x: warning: missing AC_FUNC_SELECT_ARGTYPES wanted by: 
	src/src-tftpd/tftpd.c:228
autoscan-2.5x: warning: missing AC_FUNC_STAT wanted by: 
	src/src-tftpd/file_cache.c:127
	src/src-tftpd/file_cache.c:250
	src/src-tftpd/tftpd.c:191
	src/src-tftpd/tftpd.c:442
autoscan-2.5x: warning: missing AC_HEADER_STDC wanted by: 
	libdocsis/docsis_yy.tab.c:398
	libdocsis/docsis_lex.c:25
	libdocsis/docsis_lex.c:47
	libdocsis/docsis_lex.c:5043
	libdocsis/docsis_yy.tab.c:315
	libdocsis/docsis_encode.c:26
	src/docsis_server.h:47
	libdocsis/util_ethermac.h:24
	libdocsis/libdocsis.c:29
	libdocsis/docsis_symtable.c:31
	libdocsis/client_docsis_config.c:29
	libdocsis/docsis_snmp.c:24
	libdocsis/util_ethermac.c:30
	libdocsis/docsis_yy.tab.c:40
	libdocsis/util_hmac_md5.c:23
	libdocsis/docsis_yy.y:25
	libdocsis/docsis_encode.c:25
	src/docsis_server.h:48
	src/src-dhcpd/options_old.c:35
	libdocsis/docsis_lex.c:4977
	libdocsis/libdocsis.c:70
	libdocsis/libdocsis.c:102
	libdocsis/libdocsis.c:114
	libdocsis/docsis_symtable.c:261
	libdocsis/docsis_lex.l:45
	libdocsis/util_ethermac.c:56
	libdocsis/util_ethermac.c:79
	libdocsis/util_ethermac.c:90
	libdocsis/util_hmac_md5.c:78
	libdocsis/util_hmac_md5.c:97
	libdocsis/util_hmac_md5.c:98
	libdocsis/docsis_decode.c:65
	libdocsis/docsis_decode.c:72
	libdocsis/docsis_decode.c:83
	libdocsis/docsis_decode.c:168
	libdocsis/docsis_encode.c:80
	libdocsis/docsis_encode.c:118
	libdocsis/docsis_encode.c:191
	libdocsis/docsis_encode.c:315
	libdocsis/docsis_encode.c:359
	libdocsis/docsis_encode.c:595
	libdocsis/docsis_encode.c:619
	libdocsis/docsis_encode.c:621
	libdocsis/docsis_encode.c:673
	src/src-dhcpd/options.c:84
	src/src-dhcpd/options.c:113
	src/src-dhcpd/options.c:126
	src/src-dhcpd/options.c:135
	src/src-dhcpd/options.c:139
	src/src-dhcpd/options.c:144
	src/src-dhcpd/options.c:147
	src/src-dhcpd/options.c:157
	src/src-dhcpd/options.c:162
	src/src-dhcpd/options.c:178
	src/src-dhcpd/options.c:187
	src/src-dhcpd/options.c:193
	src/src-dhcpd/options.c:228
	src/src-dhcpd/socket.c:118
	src/src-dhcpd/dhcpd.c:236
	src/src-dhcpd/dhcpd.c:334
	src/src-dhcpd/dhcpd.c:366
	src/src-dhcpd/options_old.c:92
	src/src-dhcpd/options_old.c:121
	src/src-dhcpd/options_old.c:134
	src/src-dhcpd/options_old.c:143
	src/src-dhcpd/options_old.c:147
	src/src-dhcpd/options_old.c:152
	src/src-dhcpd/options_old.c:155
	src/src-dhcpd/options_old.c:165
	src/src-dhcpd/options_old.c:170
	src/src-dhcpd/options_old.c:184
	src/src-dhcpd/options_old.c:192
	src/src-dhcpd/options_old.c:198
	src/src-dhcpd/options_old.c:232
	src/src-tftpd/file_cache.c:460
	src/src-tftpd/file_cache.c:464
	libdocsis/docsis_snmp.c:463
	libdocsis/docsis_lex.c:5379
	libdocsis/libdocsis.c:135
	libdocsis/docsis_lex.l:139
	libdocsis/docsis_snmp.c:68
	libdocsis/docsis_snmp.c:286
	libdocsis/docsis_snmp.c:311
	libdocsis/docsis_snmp.c:315
	libdocsis/docsis_snmp.c:319
	libdocsis/docsis_snmp.c:323
	libdocsis/docsis_snmp.c:327
	libdocsis/docsis_snmp.c:332
	libdocsis/docsis_snmp.c:336
	libdocsis/docsis_snmp.c:341
	libdocsis/docsis_snmp.c:346
	libdocsis/docsis_snmp.c:350
	libdocsis/docsis_snmp.c:354
	libdocsis/docsis_snmp.c:359
	libdocsis/docsis_snmp.c:363
	libdocsis/docsis_snmp.c:367
	libdocsis/docsis_snmp.c:371
	libdocsis/docsis_snmp.c:375
	libdocsis/docsis_snmp.c:379
	libdocsis/docsis_snmp.c:518
	libdocsis/docsis_snmp.c:653
	libdocsis/util_ethermac.c:55
	libdocsis/util_ethermac.c:78
	libdocsis/util_ethermac.c:106
	libdocsis/util_hmac_md5.c:95
	libdocsis/util_hmac_md5.c:96
	libdocsis/docsis_decode.c:144
	libdocsis/docsis_decode.c:153
	libdocsis/docsis_decode.c:167
	libdocsis/docsis_encode.c:314
	libdocsis/docsis_encode.c:358
	src/docsis_server.c:71
	src/src-dhcpd/socket.c:47
	src/src-dhcpd/socket.c:102
	src/src-dhcpd/socket.c:104
	src/src-dhcpd/socket.c:167
	src/src-dhcpd/dhcpd.c:87
	src/src-backg/backgrounder.c:48
	src/src-mysql/my_sql.c:84
	src/src-mysql/my_sql.c:85
	src/src-mysql/my_sql.c:86
	src/src-mysql/my_sql.c:185
	src/src-tftpd/file_cache.c:341
	src/src-tftpd/file_cache.c:454
	src/src-tftpd/tftpd.c:163
	src/src-tftpd/tftpd.c:632
	src/src-tftpd/tftpd.c:669
	src/src-tftpd/tftpd.c:717
	src/src-tftpd/tftpd.c:726
	src/src-tftpd/tftpd.c:736
	src/src-syslogd/syslog.c:84
	src/src-syslogd/syslog.c:111
	src/src-syslogd/syslog.c:113
	src/src-timed/time.c:99
	src/src-timed/time.c:126
	src/src-timed/time.c:128
	src/src-timed/time.c:150
autoscan-2.5x: warning: missing AC_HEADER_SYS_WAIT wanted by: 
	src/docsis_server.h:25
autoscan-2.5x: warning: missing AC_HEADER_TIME wanted by: 
	src/src-tftpd/file_cache.c:484
	src/src-tftpd/tftpd.c:146
	src/src-tftpd/tftpd.c:176
	src/src-tftpd/tftpd.c:180
autoscan-2.5x: warning: missing AC_PREREQ wanted by: 
	autoscan-2.5x
autoscan-2.5x: warning: missing AC_PROG_CPP wanted by: 
	ltmain.sh:501
	ltmain.sh:501
autoscan-2.5x: warning: missing AC_PROG_CXX wanted by: 
	ltmain.sh:189
	ltmain.sh:526
	ltmain.sh:526
	ltmain.sh:526
	ltmain.sh:526
	ltmain.sh:535
	ltmain.sh:535
	ltmain.sh:535
	ltmain.sh:535
	ltmain.sh:1639
	ltmain.sh:1639
	ltmain.sh:1639
	ltmain.sh:1639
	ltmain.sh:1648
	ltmain.sh:1648
	ltmain.sh:1648
	ltmain.sh:1648
	ltmain.sh:4373
	ltmain.sh:4373
	ltmain.sh:4374
	ltmain.sh:4374
autoscan-2.5x: warning: missing AC_PROG_GCC_TRADITIONAL wanted by: 
	src/src-dhcpd/socket.c:81
autoscan-2.5x: warning: missing AC_PROG_INSTALL wanted by: 
	ltmain.sh:331
	ltmain.sh:332
	ltmain.sh:1330
	ltmain.sh:1335
	ltmain.sh:1340
	ltmain.sh:1341
	ltmain.sh:3269
	ltmain.sh:5215
	ltmain.sh:5216
	ltmain.sh:5298
	ltmain.sh:5419
	ltmain.sh:5656
	ltmain.sh:6150
	ltmain.sh:6150
	ltmain.sh:6228
	ltmain.sh:6230
	ltmain.sh:6235
	ltmain.sh:6238
	ltmain.sh:6265
	ltmain.sh:6265
	ltmain.sh:6266
autoscan-2.5x: warning: missing AC_PROG_LN_S wanted by: 
	ltmain.sh:611
autoscan-2.5x: warning: missing AC_PROG_MAKE_SET wanted by: 
	ltmain.sh:625
	ltmain.sh:700
	ltmain.sh:770
	ltmain.sh:1936
	ltmain.sh:2480
	ltmain.sh:3216
	ltmain.sh:3258
	ltmain.sh:3269
	ltmain.sh:3331
	ltmain.sh:3383
	ltmain.sh:4206
	ltmain.sh:4620
autoscan-2.5x: warning: missing AC_PROG_RANLIB wanted by: 
	ltmain.sh:6288
autoscan-2.5x: warning: missing AC_TYPE_PID_T wanted by: 
	src/docsis_server.c:40
	src/src-mysql/my_sql.c:580
autoscan-2.5x: warning: missing AC_TYPE_SIGNAL wanted by: 
	src/docsis_server.c:64
	src/docsis_server.c:65
	src/docsis_server.c:66
autoscan-2.5x: warning: missing AC_TYPE_SIZE_T wanted by: 
	libdocsis/docsis_decode.h:48
	libdocsis/docsis_snmp.c:56
	libdocsis/docsis_snmp.c:236
	libdocsis/docsis_snmp.c:254
	libdocsis/docsis_snmp.c:562
	libdocsis/docsis_snmp.c:588
	libdocsis/docsis_snmp.c:646
	libdocsis/docsis_snmp.c:646
	libdocsis/docsis_yy.tab.c:393
	libdocsis/docsis_snmp.h:35
	libdocsis/docsis_snmp.h:36
	libdocsis/docsis_decode.c:305
